[debug] [2023-03-05T04:37:20.771Z] ----------------------------------------------------------------------
[debug] [2023-03-05T04:37:20.772Z] Command:       C:\Program Files\nodejs\node.exe C:\Users\Admin\AppData\Roaming\npm\node_modules\firebase-tools\lib\bin\firebase.js init
[debug] [2023-03-05T04:37:20.773Z] CLI Version:   11.24.0
[debug] [2023-03-05T04:37:20.773Z] Platform:      win32
[debug] [2023-03-05T04:37:20.773Z] Node Version:  v16.15.0
[debug] [2023-03-05T04:37:20.774Z] Time:          Sun Mar 05 2023 11:37:20 GMT+0700 (Indochina Time)
[debug] [2023-03-05T04:37:20.774Z] ----------------------------------------------------------------------
[debug] 
[debug] [2023-03-05T04:37:20.828Z] > command requires scopes: ["email","openid","https://www.googleapis.com/auth/cloudplatformprojects.readonly","https://www.googleapis.com/auth/firebase","https://www.googleapis.com/auth/cloud-platform"]
[debug] [2023-03-05T04:37:20.829Z] > authorizing via signed-in user (arnonprm@gmail.com)
[info] 
     ######## #### ########  ######## ########     ###     ######  ########
     ##        ##  ##     ## ##       ##     ##  ##   ##  ##       ##
     ######    ##  ########  ######   ########  #########  ######  ######
     ##        ##  ##    ##  ##       ##     ## ##     ##       ## ##
     ##       #### ##     ## ######## ########  ##     ##  ######  ########

You're about to initialize a Firebase project in this directory:

  C:\Users\Admin\Desktop\front-end-ant\65230035-react-fb

Before we get started, keep in mind:

  * You are initializing within an existing Firebase project directory

[info] 
=== Project Setup
[info] 
[info] First, let's associate this project directory with a Firebase project.
[info] You can create multiple project aliases by running firebase use --add, 
[info] but for now we'll just set up a default project.
[info] 
[debug] [2023-03-05T04:37:27.796Z] Using project from CLI flag: react-product-test
[debug] [2023-03-05T04:37:27.798Z] >>> [apiv2][query] GET https://firebase.googleapis.com/v1beta1/projects/react-product-test [none]
[debug] [2023-03-05T04:37:28.189Z] <<< [apiv2][status] GET https://firebase.googleapis.com/v1beta1/projects/react-product-test 200
[debug] [2023-03-05T04:37:28.189Z] <<< [apiv2][body] GET https://firebase.googleapis.com/v1beta1/projects/react-product-test {"projectId":"react-product-test","projectNumber":"1062244892596","displayName":"react-product-test","name":"projects/react-product-test","resources":{"hostingSite":"react-product-test"},"state":"ACTIVE","etag":"1_47ffa711-a583-4ddd-9a49-ab7c1f9e3439"}
[info] i  Using project react-product-test (react-product-test) 
[info] 
=== Hosting Setup
[info] 
[info] Your public directory is the folder (relative to your project directory) that
[info] will contain Hosting assets to be uploaded with firebase deploy. If you
[info] have a build process for your assets, use your build's output directory.
[info] 
